<?xml version="1.0" encoding="UTF-8"?>
<!-- Generated by org.testng.reporters.JUnitXMLReporter -->
<testsuite ignored="0" hostname="DESKTOP-QSKIPA7" failures="0" tests="6" name="Test" time="0.035" errors="0" timestamp="2021-01-24T22:56:58 IST">
  <testcase classname="mavenproj.maven1java.runtest" name="BrowserAutomation" time="0.003"/>
  <testcase classname="mavenproj.maven1java.runtest" name="ElementsUi" time="0.0"/>
  <testcase classname="mavenproj.maven1java.bigtest" name="PostJira" time="0.0"/>
  <testcase classname="mavenproj.maven1java.bigtest" name="deletetwitter" time="0.0"/>
  <testcase classname="mavenproj.maven1java.truetest" name="IosApps" time="0.0"/>
  <testcase classname="mavenproj.maven1java.truetest" name="NativeappAndroid" time="0.0"/>
</testsuite> <!-- Test -->
