<?xml version="1.0" encoding="UTF-8"?>
<testsuite xmlns:xsi="http://www.w3.org/2001/XMLSchema-instance" xsi:noNamespaceSchemaLocation="https://maven.apache.org/surefire/maven-surefire-plugin/xsd/surefire-test-report-3.0.xsd" version="3.0" name="TestSuite" time="0.397" tests="6" errors="0" skipped="0" failures="0">
  <properties>
[...]
</properties>
  <testcase name="BrowserAutomation" classname="mavenproj.maven1java.runtest" time="0.004">
    <system-out><![CDATA[BrowserAutomation
]]></system-out>
  </testcase>
  <testcase name="ElementsUi" classname="mavenproj.maven1java.runtest" time="0">
    <system-out><![CDATA[ElementsUi
]]></system-out>
  </testcase>
  <testcase name="PostJira" classname="mavenproj.maven1java.bigtest" time="0">
    <system-out><![CDATA[PostJira
]]></system-out>
  </testcase>
  <testcase name="deletetwitter" classname="mavenproj.maven1java.bigtest" time="0.001">
    <system-out><![CDATA[deletetwitter
]]></system-out>
  </testcase>
  <testcase name="IosApps" classname="mavenproj.maven1java.truetest" time="0.001">
    <system-out><![CDATA[IosApps
]]></system-out>
  </testcase>
  <testcase name="NativeappAndroid" classname="mavenproj.maven1java.truetest" time="0">
    <system-out><![CDATA[NativeappAndroid
]]></system-out>
  </testcase>
</testsuite>